INFO [2025-07-26 09:05:24] $x
INFO [2025-07-26 09:05:24] list(btx623 = proteins_bt, sc112114 = proteins_sc)
INFO [2025-07-26 09:05:24] 
INFO [2025-07-26 09:05:24] $filename
INFO [2025-07-26 09:05:24] NULL
INFO [2025-07-26 09:05:24] 
INFO [2025-07-26 09:05:24] $col
INFO [2025-07-26 09:05:24] c("blue", "red")
INFO [2025-07-26 09:05:24] 
INFO [2025-07-26 09:05:24] $fill
INFO [2025-07-26 09:05:24] c("lightblue", "pink")
INFO [2025-07-26 09:05:24] 
INFO [2025-07-26 09:05:24] $alpha
INFO [2025-07-26 09:05:24] [1] 0.5
INFO [2025-07-26 09:05:24] 
INFO [2025-07-26 09:05:24] $cex
INFO [2025-07-26 09:05:24] [1] 1.5
INFO [2025-07-26 09:05:24] 
INFO [2025-07-26 09:05:24] $cat.cex
INFO [2025-07-26 09:05:24] [1] 1.5
INFO [2025-07-26 09:05:24] 
INFO [2025-07-26 09:05:24] $cat.col
INFO [2025-07-26 09:05:24] c("blue", "red")
INFO [2025-07-26 09:05:24] 
