INFO [2025-07-25 17:30:42] $x
INFO [2025-07-25 17:30:42] list(bt750 = proteins_bt, sc750 = proteins_sc)
INFO [2025-07-25 17:30:42] 
INFO [2025-07-25 17:30:42] $filename
INFO [2025-07-25 17:30:42] NULL
INFO [2025-07-25 17:30:42] 
INFO [2025-07-25 17:30:42] $col
INFO [2025-07-25 17:30:42] c("blue", "red")
INFO [2025-07-25 17:30:42] 
INFO [2025-07-25 17:30:42] $fill
INFO [2025-07-25 17:30:42] c("lightblue", "pink")
INFO [2025-07-25 17:30:42] 
INFO [2025-07-25 17:30:42] $alpha
INFO [2025-07-25 17:30:42] [1] 0.5
INFO [2025-07-25 17:30:42] 
INFO [2025-07-25 17:30:42] $cex
INFO [2025-07-25 17:30:42] [1] 1.5
INFO [2025-07-25 17:30:42] 
INFO [2025-07-25 17:30:42] $cat.cex
INFO [2025-07-25 17:30:42] [1] 1.5
INFO [2025-07-25 17:30:42] 
INFO [2025-07-25 17:30:42] $cat.col
INFO [2025-07-25 17:30:42] c("blue", "red")
INFO [2025-07-25 17:30:42] 
