INFO [2025-07-26 08:50:08] $x
INFO [2025-07-26 08:50:08] list(bt750 = proteins_bt, sc750 = proteins_sc)
INFO [2025-07-26 08:50:08] 
INFO [2025-07-26 08:50:08] $filename
INFO [2025-07-26 08:50:08] NULL
INFO [2025-07-26 08:50:08] 
INFO [2025-07-26 08:50:08] $col
INFO [2025-07-26 08:50:08] c("blue", "red")
INFO [2025-07-26 08:50:08] 
INFO [2025-07-26 08:50:08] $fill
INFO [2025-07-26 08:50:08] c("lightblue", "pink")
INFO [2025-07-26 08:50:08] 
INFO [2025-07-26 08:50:08] $alpha
INFO [2025-07-26 08:50:08] [1] 0.5
INFO [2025-07-26 08:50:08] 
INFO [2025-07-26 08:50:08] $cex
INFO [2025-07-26 08:50:08] [1] 1.5
INFO [2025-07-26 08:50:08] 
INFO [2025-07-26 08:50:08] $cat.cex
INFO [2025-07-26 08:50:08] [1] 1.5
INFO [2025-07-26 08:50:08] 
INFO [2025-07-26 08:50:08] $cat.col
INFO [2025-07-26 08:50:08] c("blue", "red")
INFO [2025-07-26 08:50:08] 
