INFO [2025-07-26 08:52:07] $x
INFO [2025-07-26 08:52:07] list(bt750 = proteins_bt, sc750 = proteins_sc)
INFO [2025-07-26 08:52:07] 
INFO [2025-07-26 08:52:07] $filename
INFO [2025-07-26 08:52:07] NULL
INFO [2025-07-26 08:52:07] 
INFO [2025-07-26 08:52:07] $col
INFO [2025-07-26 08:52:07] c("blue", "red")
INFO [2025-07-26 08:52:07] 
INFO [2025-07-26 08:52:07] $fill
INFO [2025-07-26 08:52:07] c("lightblue", "pink")
INFO [2025-07-26 08:52:07] 
INFO [2025-07-26 08:52:07] $alpha
INFO [2025-07-26 08:52:07] [1] 0.5
INFO [2025-07-26 08:52:07] 
INFO [2025-07-26 08:52:07] $cex
INFO [2025-07-26 08:52:07] [1] 1.5
INFO [2025-07-26 08:52:07] 
INFO [2025-07-26 08:52:07] $cat.cex
INFO [2025-07-26 08:52:07] [1] 1.5
INFO [2025-07-26 08:52:07] 
INFO [2025-07-26 08:52:07] $cat.col
INFO [2025-07-26 08:52:07] c("blue", "red")
INFO [2025-07-26 08:52:07] 
