INFO [2025-07-26 09:06:29] $x
INFO [2025-07-26 09:06:29] list(btx623 = proteins_bt, sc112114 = proteins_sc)
INFO [2025-07-26 09:06:29] 
INFO [2025-07-26 09:06:29] $filename
INFO [2025-07-26 09:06:29] NULL
INFO [2025-07-26 09:06:29] 
INFO [2025-07-26 09:06:29] $col
INFO [2025-07-26 09:06:29] c("blue", "red")
INFO [2025-07-26 09:06:29] 
INFO [2025-07-26 09:06:29] $fill
INFO [2025-07-26 09:06:29] c("lightblue", "pink")
INFO [2025-07-26 09:06:29] 
INFO [2025-07-26 09:06:29] $alpha
INFO [2025-07-26 09:06:29] [1] 0.5
INFO [2025-07-26 09:06:29] 
INFO [2025-07-26 09:06:29] $cex
INFO [2025-07-26 09:06:29] [1] 1.5
INFO [2025-07-26 09:06:29] 
INFO [2025-07-26 09:06:29] $cat.cex
INFO [2025-07-26 09:06:29] [1] 1.5
INFO [2025-07-26 09:06:29] 
INFO [2025-07-26 09:06:29] $cat.col
INFO [2025-07-26 09:06:29] c("blue", "red")
INFO [2025-07-26 09:06:29] 
