INFO [2025-07-26 10:40:08] $x
INFO [2025-07-26 10:40:08] list(btx623 = proteins_bt, sc112114 = proteins_sc)
INFO [2025-07-26 10:40:08] 
INFO [2025-07-26 10:40:08] $filename
INFO [2025-07-26 10:40:08] NULL
INFO [2025-07-26 10:40:08] 
INFO [2025-07-26 10:40:08] $col
INFO [2025-07-26 10:40:08] c("blue", "red")
INFO [2025-07-26 10:40:08] 
INFO [2025-07-26 10:40:08] $fill
INFO [2025-07-26 10:40:08] c("lightblue", "pink")
INFO [2025-07-26 10:40:08] 
INFO [2025-07-26 10:40:08] $alpha
INFO [2025-07-26 10:40:08] [1] 0.5
INFO [2025-07-26 10:40:08] 
INFO [2025-07-26 10:40:08] $cex
INFO [2025-07-26 10:40:08] [1] 1.5
INFO [2025-07-26 10:40:08] 
INFO [2025-07-26 10:40:08] $cat.cex
INFO [2025-07-26 10:40:08] [1] 1.5
INFO [2025-07-26 10:40:08] 
INFO [2025-07-26 10:40:08] $cat.col
INFO [2025-07-26 10:40:08] c("blue", "red")
INFO [2025-07-26 10:40:08] 
