INFO [2025-07-26 10:39:58] $x
INFO [2025-07-26 10:39:58] list(btx623 = proteins_bt, sc112114 = proteins_sc)
INFO [2025-07-26 10:39:58] 
INFO [2025-07-26 10:39:58] $filename
INFO [2025-07-26 10:39:58] NULL
INFO [2025-07-26 10:39:58] 
INFO [2025-07-26 10:39:58] $col
INFO [2025-07-26 10:39:58] c("blue", "red")
INFO [2025-07-26 10:39:58] 
INFO [2025-07-26 10:39:58] $fill
INFO [2025-07-26 10:39:58] c("lightblue", "pink")
INFO [2025-07-26 10:39:58] 
INFO [2025-07-26 10:39:58] $alpha
INFO [2025-07-26 10:39:58] [1] 0.5
INFO [2025-07-26 10:39:58] 
INFO [2025-07-26 10:39:58] $cex
INFO [2025-07-26 10:39:58] [1] 1.5
INFO [2025-07-26 10:39:58] 
INFO [2025-07-26 10:39:58] $cat.cex
INFO [2025-07-26 10:39:58] [1] 1.5
INFO [2025-07-26 10:39:58] 
INFO [2025-07-26 10:39:58] $cat.col
INFO [2025-07-26 10:39:58] c("blue", "red")
INFO [2025-07-26 10:39:58] 
