INFO [2025-07-25 17:42:41] $x
INFO [2025-07-25 17:42:41] list(bt750 = proteins_bt, sc750 = proteins_sc)
INFO [2025-07-25 17:42:41] 
INFO [2025-07-25 17:42:41] $filename
INFO [2025-07-25 17:42:41] NULL
INFO [2025-07-25 17:42:41] 
INFO [2025-07-25 17:42:41] $col
INFO [2025-07-25 17:42:41] c("blue", "red")
INFO [2025-07-25 17:42:41] 
INFO [2025-07-25 17:42:41] $fill
INFO [2025-07-25 17:42:41] c("lightblue", "pink")
INFO [2025-07-25 17:42:41] 
INFO [2025-07-25 17:42:41] $alpha
INFO [2025-07-25 17:42:41] [1] 0.5
INFO [2025-07-25 17:42:41] 
INFO [2025-07-25 17:42:41] $cex
INFO [2025-07-25 17:42:41] [1] 1.5
INFO [2025-07-25 17:42:41] 
INFO [2025-07-25 17:42:41] $cat.cex
INFO [2025-07-25 17:42:41] [1] 1.5
INFO [2025-07-25 17:42:41] 
INFO [2025-07-25 17:42:41] $cat.col
INFO [2025-07-25 17:42:41] c("blue", "red")
INFO [2025-07-25 17:42:41] 
