INFO [2025-07-26 08:52:31] $x
INFO [2025-07-26 08:52:31] list(btx623 = proteins_bt, sc112114 = proteins_sc)
INFO [2025-07-26 08:52:31] 
INFO [2025-07-26 08:52:31] $filename
INFO [2025-07-26 08:52:31] NULL
INFO [2025-07-26 08:52:31] 
INFO [2025-07-26 08:52:31] $col
INFO [2025-07-26 08:52:31] c("blue", "red")
INFO [2025-07-26 08:52:31] 
INFO [2025-07-26 08:52:31] $fill
INFO [2025-07-26 08:52:31] c("lightblue", "pink")
INFO [2025-07-26 08:52:31] 
INFO [2025-07-26 08:52:31] $alpha
INFO [2025-07-26 08:52:31] [1] 0.5
INFO [2025-07-26 08:52:31] 
INFO [2025-07-26 08:52:31] $cex
INFO [2025-07-26 08:52:31] [1] 1.5
INFO [2025-07-26 08:52:31] 
INFO [2025-07-26 08:52:31] $cat.cex
INFO [2025-07-26 08:52:31] [1] 1.5
INFO [2025-07-26 08:52:31] 
INFO [2025-07-26 08:52:31] $cat.col
INFO [2025-07-26 08:52:31] c("blue", "red")
INFO [2025-07-26 08:52:31] 
