INFO [2025-07-25 17:43:00] $x
INFO [2025-07-25 17:43:00] list(bt750 = proteins_bt, sc750 = proteins_sc)
INFO [2025-07-25 17:43:00] 
INFO [2025-07-25 17:43:00] $filename
INFO [2025-07-25 17:43:00] NULL
INFO [2025-07-25 17:43:00] 
INFO [2025-07-25 17:43:00] $col
INFO [2025-07-25 17:43:00] c("blue", "red")
INFO [2025-07-25 17:43:00] 
INFO [2025-07-25 17:43:00] $fill
INFO [2025-07-25 17:43:00] c("lightblue", "pink")
INFO [2025-07-25 17:43:00] 
INFO [2025-07-25 17:43:00] $alpha
INFO [2025-07-25 17:43:00] [1] 0.5
INFO [2025-07-25 17:43:00] 
INFO [2025-07-25 17:43:00] $cex
INFO [2025-07-25 17:43:00] [1] 1.5
INFO [2025-07-25 17:43:00] 
INFO [2025-07-25 17:43:00] $cat.cex
INFO [2025-07-25 17:43:00] [1] 1.5
INFO [2025-07-25 17:43:00] 
INFO [2025-07-25 17:43:00] $cat.col
INFO [2025-07-25 17:43:00] c("blue", "red")
INFO [2025-07-25 17:43:00] 
