INFO [2025-07-26 08:49:16] $x
INFO [2025-07-26 08:49:16] list(bt750 = proteins_bt, sc750 = proteins_sc)
INFO [2025-07-26 08:49:16] 
INFO [2025-07-26 08:49:16] $filename
INFO [2025-07-26 08:49:16] NULL
INFO [2025-07-26 08:49:16] 
INFO [2025-07-26 08:49:16] $col
INFO [2025-07-26 08:49:16] c("blue", "red")
INFO [2025-07-26 08:49:16] 
INFO [2025-07-26 08:49:16] $fill
INFO [2025-07-26 08:49:16] c("lightblue", "pink")
INFO [2025-07-26 08:49:16] 
INFO [2025-07-26 08:49:16] $alpha
INFO [2025-07-26 08:49:16] [1] 0.5
INFO [2025-07-26 08:49:16] 
INFO [2025-07-26 08:49:16] $cex
INFO [2025-07-26 08:49:16] [1] 1.5
INFO [2025-07-26 08:49:16] 
INFO [2025-07-26 08:49:16] $cat.cex
INFO [2025-07-26 08:49:16] [1] 1.5
INFO [2025-07-26 08:49:16] 
INFO [2025-07-26 08:49:16] $cat.col
INFO [2025-07-26 08:49:16] c("blue", "red")
INFO [2025-07-26 08:49:16] 
