INFO [2025-07-25 17:42:53] $x
INFO [2025-07-25 17:42:53] list(bt750 = proteins_bt, sc750 = proteins_sc)
INFO [2025-07-25 17:42:53] 
INFO [2025-07-25 17:42:53] $filename
INFO [2025-07-25 17:42:53] NULL
INFO [2025-07-25 17:42:53] 
INFO [2025-07-25 17:42:53] $col
INFO [2025-07-25 17:42:53] c("blue", "red")
INFO [2025-07-25 17:42:53] 
INFO [2025-07-25 17:42:53] $fill
INFO [2025-07-25 17:42:53] c("lightblue", "pink")
INFO [2025-07-25 17:42:53] 
INFO [2025-07-25 17:42:53] $alpha
INFO [2025-07-25 17:42:53] [1] 0.5
INFO [2025-07-25 17:42:53] 
INFO [2025-07-25 17:42:53] $cex
INFO [2025-07-25 17:42:53] [1] 1.5
INFO [2025-07-25 17:42:53] 
INFO [2025-07-25 17:42:53] $cat.cex
INFO [2025-07-25 17:42:53] [1] 1.5
INFO [2025-07-25 17:42:53] 
INFO [2025-07-25 17:42:53] $cat.col
INFO [2025-07-25 17:42:53] c("blue", "red")
INFO [2025-07-25 17:42:53] 
