INFO [2025-07-25 17:44:11] $x
INFO [2025-07-25 17:44:11] list(bt750 = proteins_bt, sc750 = proteins_sc)
INFO [2025-07-25 17:44:11] 
INFO [2025-07-25 17:44:11] $filename
INFO [2025-07-25 17:44:11] NULL
INFO [2025-07-25 17:44:11] 
INFO [2025-07-25 17:44:11] $col
INFO [2025-07-25 17:44:11] c("blue", "red")
INFO [2025-07-25 17:44:11] 
INFO [2025-07-25 17:44:11] $fill
INFO [2025-07-25 17:44:11] c("lightblue", "pink")
INFO [2025-07-25 17:44:11] 
INFO [2025-07-25 17:44:11] $alpha
INFO [2025-07-25 17:44:11] [1] 0.5
INFO [2025-07-25 17:44:11] 
INFO [2025-07-25 17:44:11] $cex
INFO [2025-07-25 17:44:11] [1] 1.5
INFO [2025-07-25 17:44:11] 
INFO [2025-07-25 17:44:11] $cat.cex
INFO [2025-07-25 17:44:11] [1] 1.5
INFO [2025-07-25 17:44:11] 
INFO [2025-07-25 17:44:11] $cat.col
INFO [2025-07-25 17:44:11] c("blue", "red")
INFO [2025-07-25 17:44:11] 
