INFO [2025-07-25 17:43:09] $x
INFO [2025-07-25 17:43:09] list(bt750 = proteins_bt, sc750 = proteins_sc)
INFO [2025-07-25 17:43:09] 
INFO [2025-07-25 17:43:09] $filename
INFO [2025-07-25 17:43:09] NULL
INFO [2025-07-25 17:43:09] 
INFO [2025-07-25 17:43:09] $col
INFO [2025-07-25 17:43:09] c("blue", "red")
INFO [2025-07-25 17:43:09] 
INFO [2025-07-25 17:43:09] $fill
INFO [2025-07-25 17:43:09] c("lightblue", "pink")
INFO [2025-07-25 17:43:09] 
INFO [2025-07-25 17:43:09] $alpha
INFO [2025-07-25 17:43:09] [1] 0.5
INFO [2025-07-25 17:43:09] 
INFO [2025-07-25 17:43:09] $cex
INFO [2025-07-25 17:43:09] [1] 1.5
INFO [2025-07-25 17:43:09] 
INFO [2025-07-25 17:43:09] $cat.cex
INFO [2025-07-25 17:43:09] [1] 1.5
INFO [2025-07-25 17:43:09] 
INFO [2025-07-25 17:43:09] $cat.col
INFO [2025-07-25 17:43:09] c("blue", "red")
INFO [2025-07-25 17:43:09] 
