INFO [2025-07-26 08:48:44] $x
INFO [2025-07-26 08:48:44] list(bt750 = proteins_bt, sc750 = proteins_sc)
INFO [2025-07-26 08:48:44] 
INFO [2025-07-26 08:48:44] $filename
INFO [2025-07-26 08:48:44] NULL
INFO [2025-07-26 08:48:44] 
INFO [2025-07-26 08:48:44] $col
INFO [2025-07-26 08:48:44] c("blue", "red")
INFO [2025-07-26 08:48:44] 
INFO [2025-07-26 08:48:44] $fill
INFO [2025-07-26 08:48:44] c("lightblue", "pink")
INFO [2025-07-26 08:48:44] 
INFO [2025-07-26 08:48:44] $alpha
INFO [2025-07-26 08:48:44] [1] 0.5
INFO [2025-07-26 08:48:44] 
INFO [2025-07-26 08:48:44] $cex
INFO [2025-07-26 08:48:44] [1] 1.5
INFO [2025-07-26 08:48:44] 
INFO [2025-07-26 08:48:44] $cat.cex
INFO [2025-07-26 08:48:44] [1] 1.5
INFO [2025-07-26 08:48:44] 
INFO [2025-07-26 08:48:44] $cat.col
INFO [2025-07-26 08:48:44] c("blue", "red")
INFO [2025-07-26 08:48:44] 
